IQ-TREE multicore version 2.2.0.7 COVID-edition for Mac OS X 64-bit built Aug 31 2022
Developed by Bui Quang Minh, James Barbetti, Nguyen Lam Tung,
Olga Chernomor, Heiko Schmidt, Dominik Schrempf, Michael Woodhams, Ly Trong Nhan.

Host:    Lotorres-mac5.PUCE.EDU.EC (SSE4.2, 10 GB RAM)
Command: ./iqtree2 -s aln_dendro_SIAH1.fasta -m GTR+R+I -bb 1000 -alrt 1000 -safe -o AY843739_Pseudis_minuta_ --date-tip 0 -safe -nt auto --date-ci 100 --date-root -37.8 -pre result_dendro_SIAH1.fasta
Seed:    665990 (Using SPRNG - Scalable Parallel Random Number Generator)
Time:    Thu Jun 27 13:50:39 2024
Kernel:  Safe SSE2 - auto-detect threads (8 CPU cores detected)

Reading alignment file aln_dendro_SIAH1.fasta ... Fasta format detected
Reading fasta file: done in 0.00148106 secs using 92.43% CPU
Alignment most likely contains DNA/RNA sequences
Constructing alignment: done in 0.00148702 secs using 697% CPU
Alignment has 91 sequences with 397 columns, 105 distinct patterns
45 parsimony-informative, 19 singleton sites, 333 constant sites
                               Gap/Ambiguity  Composition  p-value
Analyzing sequences: done in 4.60148e-05 secs using 434.6% CPU
   1  AY844869_D_sarayacuensis         0.25%    passed     98.53%
   2  AY844797_D_anceps                0.00%    passed     99.70%
   3  CBF5926_D_juliani                0.00%    passed     99.70%
   4  CFBHsn_D_jimi                    0.00%    passed     99.24%
   5  CFBH13294_D_elegans              0.00%    passed     98.93%
   6  CFBH14148_D_elianeae             0.50%    passed     99.57%
   7  CFBH14340_D_araguaya             0.00%    passed     99.79%
   8  CFBH14401_D_minutus              0.00%    passed     96.89%
   9  CFBH14964_D_elegans              0.25%    passed     99.44%
  10  CFBH15203_D_berthalutzae        12.85%    passed     94.89%
  11  CFBH15869_D_soaresi              0.25%    passed     99.39%
  12  CFBH15885_D_minusculus           0.00%    passed     99.79%
  13  CFBH18575_D_soaresi              2.52%    passed     98.08%
  14  CFBH18721_D_bipunctatus          0.00%    passed     99.98%
  15  CFBH18764_D_branneri             0.00%    passed     99.79%
  16  CFBH18782_D_decipiens            3.53%    passed     96.63%
  17  CFBH18799_D_oliveirai            5.54%    passed     94.61%
  18  CFBH19176_D_minutus              0.00%    passed     96.89%
  19  CFBH19472_D_haddadi              0.00%    passed     97.93%
  20  CFBH19993_D_nanus                0.00%    passed     99.76%
  21  CFBH20829_D_branneri             0.00%    passed     99.98%
  22  CFBH21936_D_jimi                 4.28%    passed     95.72%
  23  CFBH22226_D_pseudomeridianus     0.00%    passed     99.92%
  24  CFBH22231_D_pseudomeridianus     0.00%    passed     99.77%
  25  CFBH22236_D_meridianus           0.00%    passed     99.92%
  26  CFBH22239_D_meridianus           0.00%    passed     99.92%
  27  CFBH24153_D_minutus              0.00%    passed     98.04%
  28  CFBH24352_D_rubicundulus         0.00%    passed     99.79%
  29  CFBH25705_D_jimi                 0.00%    passed     99.79%
  30  CFBH26580_D_oliveirai            0.00%    passed     99.14%
  31  CFBH27070_D_cruzi                0.00%    passed     99.23%
  32  CFBH6287_D_elianeae              0.25%    passed     99.49%
  33  CFBH6740_D_rubicundulus          0.00%    passed     99.79%
  34  CFBH7053_D_werneri               0.00%    passed     99.77%
  35  CFBH9376_D_nahdereri             0.00%    passed     99.98%
  36  CFBHT2208_D_ruschii              0.25%    passed     99.64%
  37  CFBHT2197_D_decipiens            0.00%    passed     99.15%
  38  CHUNB34455_D_cachimbo            0.00%    passed     99.79%
  39  DZUFRJ10507_D_seniculus          0.25%    passed     99.39%
  40  FSFL1467_D_haddadi               0.00%    passed     97.93%
  41  H-12939_D_miyatai                0.00%    passed     99.98%
  42  JAC22080_D_sartori               0.00%    passed     97.07%
  43  JF2320_D_decipiens               2.52%    passed     96.67%
  44  JMsn_D_xapuriensis               0.50%    passed     97.84%
  45  KU215189_D_timbeba               0.00%    passed     99.24%
  46  KU215190_D_timbeba               0.00%    passed     99.24%
  47  KU215258_D_leali                 0.00%    passed     97.92%
  48  KU215300_D_schubarti             0.25%    passed     99.16%
  49  KU215306_D_schubarti             0.50%    passed     99.47%
  50  MAR1807_D_norandinus             0.00%    passed     98.99%
  51  MAR467_D_virolinensis            0.00%    passed     99.60%
  52  MAR564_D_padreluna               0.76%    passed     99.47%
  53  MAR832_D_stingi                  0.00%    passed     99.66%
  54  MHUA4801_D_bogerti               4.53%    passed     98.36%
  55  MHUA5439_D_subocularis           0.00%    passed     97.45%
  56  MHUA5740_D_columbianus           0.25%    passed     98.63%
  57  MHUA5883_D_microcephalus         0.00%    passed     98.85%
  58  MHUA-A7337_D_manonegra           0.00%    passed     99.19%
  59  MJ1803_D_reichlei                0.00%    passed     99.98%
  60  MNRJ35380_D_novaisi              0.00%    passed     99.42%
  61  MNRJ38453_D_giesleri             0.00%    passed     99.87%
  62  MNRJ44702_D_seniculus            0.00%    passed     99.77%
  63  MPEG27809_D_ozzyi                0.00%    passed     99.11%
  64  MPEG27810_D_ozzyi                0.00%    passed     99.11%
  65  MPEG28681_D_mapinguari           0.00%    passed     98.01%
  66  MRC687_D_mathiassoni             0.00%    passed     99.79%
  67  MRC728_D_garagoensis             0.00%    passed     99.58%
  68  MRC737_D_stingi                  0.25%    passed     99.85%
  69  MZFC15824_D_robertmertensi       0.25%    passed     95.74%
  70  MZUSPFIELD1337_D_berthalutzae    0.00%    passed     99.71%
  71  NMP6V72799_D_juliani             0.00%    passed     99.70%
  72  PHV2560_D_araguaya              10.83%    passed     94.24%
  73  PHV2588_D_araguaya               0.25%    passed     99.82%
  74  PHV2664_D_anataliasiasi          0.00%    passed     99.92%
  75  PS429_D_marmoratus               0.00%    passed     99.76%
  76  AY844822_D_ebraccatus            0.00%    passed     98.15%
  77  TG2531_D_pauiniensis             0.00%    passed     99.96%
  78  TG2632_D_bokermanni              0.00%    passed     94.93%
  79  TG2641_D_joannae                 0.00%    passed     99.19%
  80  TG2650_D_sarayacuensis           0.00%    passed     98.99%
  81  TG2792_D_acreanus                0.50%    passed     99.28%
  82  TG2812_D_xapuriensis             0.00%    passed     99.26%
  83  TG2819_D_shiwiarum               0.50%    passed     99.62%
  84  USPA2516_D_novaisi               0.00%    passed     99.42%
  85  USPA5665_D_soaresi               0.00%    passed     98.93%
  86  USPA7523_D_marmoratus           18.14%    passed     96.66%
  87  USPU2255_D_melanargyreus         0.00%    passed     98.93%
  88  WES2031_D_yaracuyanus            0.00%    passed     99.66%
  89  ZUEC17681_D_gaucheri             0.00%    passed     99.98%
  90  ZUEC17682_D_gaucheri             0.00%    passed     99.98%
  91  AY843739_Pseudis_minuta_         0.00%    passed     98.57%
****  TOTAL                            0.78%  0 sequences failed composition chi2 test (p-value<5%; df=3)
NOTE: NMP6V72799_D_juliani is identical to CBF5926_D_juliani but kept for subsequent analysis
NOTE: CFBH24352_D_rubicundulus is identical to CFBH14340_D_araguaya but kept for subsequent analysis
NOTE: CFBH19176_D_minutus is identical to CFBH14401_D_minutus but kept for subsequent analysis
NOTE: FSFL1467_D_haddadi is identical to CFBH19472_D_haddadi but kept for subsequent analysis
NOTE: CFBH22236_D_meridianus is identical to CFBH22226_D_pseudomeridianus but kept for subsequent analysis
NOTE: KU215190_D_timbeba is identical to KU215189_D_timbeba but kept for subsequent analysis
NOTE: ZUEC17681_D_gaucheri is identical to MJ1803_D_reichlei but kept for subsequent analysis
NOTE: USPA2516_D_novaisi is identical to MNRJ35380_D_novaisi but kept for subsequent analysis
NOTE: MPEG27810_D_ozzyi is identical to MPEG27809_D_ozzyi but kept for subsequent analysis
NOTE: USPU2255_D_melanargyreus is identical to USPA5665_D_soaresi but kept for subsequent analysis
Checking for duplicate sequences: done in 0.00080204 secs using 473.5% CPU
Identifying sites to remove: done in 0.001297 secs using 728% CPU
NOTE: 4 identical sequences (see below) will be ignored for subsequent analysis
NOTE: CFBH25705_D_jimi (identical to CFBH14340_D_araguaya) is ignored but added at the end
NOTE: CFBH6740_D_rubicundulus (identical to CFBH14340_D_araguaya) is ignored but added at the end
NOTE: CFBH22239_D_meridianus (identical to CFBH22226_D_pseudomeridianus) is ignored but added at the end
NOTE: ZUEC17682_D_gaucheri (identical to MJ1803_D_reichlei) is ignored but added at the end
Alignment was printed to result_dendro_SIAH1.fasta.uniqueseq.phy

For your convenience alignment with unique sequences printed to result_dendro_SIAH1.fasta.uniqueseq.phy

Create initial parsimony tree by phylogenetic likelihood library (PLL)... 0.004 seconds
Generating 1000 samples for ultrafast bootstrap (seed: 665990)...

NOTE: 1 MB RAM (0 GB) is required!
Measuring multi-threading efficiency up to 8 CPU cores
Increase to 10 rounds for branch lengths
158 trees examined
Threads: 1 / Time: 8.020 sec / Speedup: 1.000 / Efficiency: 100% / LogL: -2388
Threads: 2 / Time: 7.463 sec / Speedup: 1.075 / Efficiency: 54% / LogL: -2388
Threads: 3 / Time: 6.181 sec / Speedup: 1.298 / Efficiency: 43% / LogL: -2388
Determining AUTO threadcount: done in 21.6642 secs using 195.3% CPU
BEST NUMBER OF THREADS: 2

Estimate model parameters (epsilon = 0.100)
1. Initial log-likelihood: -1386.653
2. Current log-likelihood: -1317.722
3. Current log-likelihood: -1317.458
4. Current log-likelihood: -1317.309
5. Current log-likelihood: -1317.179
6. Current log-likelihood: -1317.060
7. Current log-likelihood: -1316.947
8. Current log-likelihood: -1316.847
Optimal log-likelihood: -1316.760
Rate parameters:  A-C: 3.46013  A-G: 14.58743  A-T: 2.76802  C-G: 0.24216  C-T: 15.28335  G-T: 1.00000
Base frequencies:  A: 0.249  C: 0.263  G: 0.230  T: 0.258
Proportion of invariable sites: 0.564
Site proportion and rates:  (0.131,0.242) (0.108,0.304) (0.073,2.459) (0.124,6.087)
Parameters optimization took 8 rounds (0.614 sec)
Wrote distance file to... 
Computing ML distances based on estimated model parameters...
Calculating distance matrix: done in 0.034004 secs using 199.2% CPU
Computing ML distances took 0.034185 sec (of wall-clock time) 0.067938 sec (of CPU time)
Setting up auxiliary I and S matrices: done in 0.000196218 secs using 157.5% CPU
Constructing RapidNJ tree: done in 0.00150013 secs using 177% CPU
Computing RapidNJ tree took 0.001783 sec (of wall-clock time) 0.004253 sec (of CPU time)
Log-likelihood of RapidNJ tree: -1315.810
--------------------------------------------------------------------
|             INITIALIZING CANDIDATE TREE SET                      |
--------------------------------------------------------------------
Generating 98 parsimony trees... 0.504 second
Computing log-likelihood of 98 initial trees ... 0.590 seconds
Current best score: -1308.048

Do NNI search on 20 best initial trees
Optimizing NNI: done in 0.12939 secs using 194.9% CPU
Estimate model parameters (epsilon = 0.100)
BETTER TREE FOUND at iteration 1: -1307.884
Optimizing NNI: done in 0.130564 secs using 196% CPU
Optimizing NNI: done in 0.128711 secs using 196% CPU
Optimizing NNI: done in 0.127238 secs using 196.5% CPU
Optimizing NNI: done in 0.126433 secs using 196.6% CPU
Optimizing NNI: done in 0.174944 secs using 196.1% CPU
Optimizing NNI: done in 0.19432 secs using 196.5% CPU
Optimizing NNI: done in 0.120871 secs using 196.8% CPU
Optimizing NNI: done in 0.124575 secs using 196.2% CPU
Optimizing NNI: done in 0.322378 secs using 194.4% CPU
Iteration 10 / LogL: -1308.688 / Time: 0h:0m:25s
Optimizing NNI: done in 0.125449 secs using 197.6% CPU
Optimizing NNI: done in 0.129487 secs using 196.1% CPU
Optimizing NNI: done in 0.276826 secs using 196.2% CPU
Optimizing NNI: done in 0.12762 secs using 196.5% CPU
Optimizing NNI: done in 0.125772 secs using 196% CPU
Optimizing NNI: done in 0.339634 secs using 194.5% CPU
Optimizing NNI: done in 0.128581 secs using 196.5% CPU
Optimizing NNI: done in 0.128103 secs using 196.2% CPU
Optimizing NNI: done in 0.304157 secs using 196.3% CPU
Optimizing NNI: done in 0.17912 secs using 194.3% CPU
Iteration 20 / LogL: -1311.993 / Time: 0h:0m:27s
Finish initializing candidate tree set (20)
Current best tree score: -1307.884 / CPU time: 4.716
Number of iterations: 20
--------------------------------------------------------------------
|               OPTIMIZING CANDIDATE TREE SET                      |
--------------------------------------------------------------------
Optimizing NNI: done in 0.389195 secs using 198.1% CPU
Optimizing NNI: done in 0.30366 secs using 196.6% CPU
Optimizing NNI: done in 0.361014 secs using 196.9% CPU
Optimizing NNI: done in 0.416951 secs using 196.5% CPU
Optimizing NNI: done in 0.489521 secs using 196.6% CPU
Optimizing NNI: done in 0.372794 secs using 198.4% CPU
Optimizing NNI: done in 0.373978 secs using 196% CPU
Optimizing NNI: done in 0.301487 secs using 196.7% CPU
Optimizing NNI: done in 0.203097 secs using 197.6% CPU
Optimizing NNI: done in 0.273906 secs using 197.3% CPU
Estimate model parameters (epsilon = 0.100)
BETTER TREE FOUND at iteration 30: -1306.054
Iteration 30 / LogL: -1306.054 / Time: 0h:0m:30s (0h:1m:46s left)
Optimizing NNI: done in 0.346002 secs using 197.1% CPU
Optimizing NNI: done in 0.281347 secs using 197.7% CPU
Optimizing NNI: done in 0.378134 secs using 197.1% CPU
Optimizing NNI: done in 0.398436 secs using 196.8% CPU
Optimizing NNI: done in 0.366253 secs using 195.7% CPU
Optimizing NNI: done in 0.43804 secs using 196.6% CPU
Optimizing NNI: done in 0.306777 secs using 196.7% CPU
Optimizing NNI: done in 0.364744 secs using 198.2% CPU
Optimizing NNI: done in 0.30102 secs using 196.8% CPU
Optimizing NNI: done in 0.300162 secs using 196.5% CPU
Iteration 40 / LogL: -1321.167 / Time: 0h:0m:34s (0h:1m:19s left)
Optimizing NNI: done in 0.364068 secs using 196.6% CPU
Optimizing NNI: done in 0.376689 secs using 196.7% CPU
Optimizing NNI: done in 0.273667 secs using 197.1% CPU
Optimizing NNI: done in 0.30634 secs using 198.6% CPU
Optimizing NNI: done in 0.483782 secs using 196.7% CPU
Optimizing NNI: done in 0.374217 secs using 196.8% CPU
Optimizing NNI: done in 0.365281 secs using 196.7% CPU
Optimizing NNI: done in 0.304488 secs using 196.4% CPU
Optimizing NNI: done in 0.258682 secs using 196.8% CPU
Optimizing NNI: done in 0.30167 secs using 198.7% CPU
Iteration 50 / LogL: -1309.986 / Time: 0h:0m:38s (0h:1m:2s left)
Log-likelihood cutoff on original alignment: -1334.688
Optimizing NNI: done in 0.295545 secs using 196.8% CPU
Optimizing NNI: done in 0.433195 secs using 195.9% CPU
Optimizing NNI: done in 0.340838 secs using 196.7% CPU
Optimizing NNI: done in 0.239544 secs using 196.7% CPU
Estimate model parameters (epsilon = 0.100)
BETTER TREE FOUND at iteration 54: -1305.999
Optimizing NNI: done in 0.383711 secs using 197.7% CPU
Optimizing NNI: done in 0.243247 secs using 196.8% CPU
Optimizing NNI: done in 0.313994 secs using 196.9% CPU
Optimizing NNI: done in 0.321072 secs using 196.9% CPU
BETTER TREE FOUND at iteration 58: -1305.998
Optimizing NNI: done in 0.266665 secs using 196.8% CPU
Optimizing NNI: done in 0.239016 secs using 196.9% CPU
Iteration 60 / LogL: -1316.773 / Time: 0h:0m:41s (0h:1m:9s left)
Optimizing NNI: done in 0.323204 secs using 198% CPU
Optimizing NNI: done in 0.357795 secs using 197.2% CPU
Optimizing NNI: done in 0.265274 secs using 196.6% CPU
Optimizing NNI: done in 0.309654 secs using 196.5% CPU
Optimizing NNI: done in 0.321863 secs using 196.5% CPU
Optimizing NNI: done in 0.298066 secs using 197.2% CPU
Optimizing NNI: done in 0.232677 secs using 197.3% CPU
Optimizing NNI: done in 0.402238 secs using 198% CPU
Optimizing NNI: done in 0.299144 secs using 197.2% CPU
Optimizing NNI: done in 0.279075 secs using 196.3% CPU
Iteration 70 / LogL: -1308.722 / Time: 0h:0m:45s (0h:0m:57s left)
Optimizing NNI: done in 0.308073 secs using 196.7% CPU
Optimizing NNI: done in 0.3077 secs using 196.7% CPU
Optimizing NNI: done in 0.474905 secs using 196.7% CPU
Optimizing NNI: done in 0.348338 secs using 197.8% CPU
Optimizing NNI: done in 0.347244 secs using 196.9% CPU
Optimizing NNI: done in 0.29652 secs using 196.7% CPU
Optimizing NNI: done in 0.257138 secs using 196.8% CPU
Optimizing NNI: done in 0.265842 secs using 197.3% CPU
Optimizing NNI: done in 0.273502 secs using 197.1% CPU
Optimizing NNI: done in 0.388535 secs using 198% CPU
Iteration 80 / LogL: -1306.044 / Time: 0h:0m:48s (0h:0m:47s left)
Optimizing NNI: done in 0.22331 secs using 196.5% CPU
Optimizing NNI: done in 0.26824 secs using 197% CPU
Optimizing NNI: done in 0.304563 secs using 194.9% CPU
Optimizing NNI: done in 0.321443 secs using 196.7% CPU
Optimizing NNI: done in 0.436978 secs using 196% CPU
Optimizing NNI: done in 0.427535 secs using 197.1% CPU
Optimizing NNI: done in 0.355833 secs using 196.7% CPU
Optimizing NNI: done in 0.354018 secs using 194.6% CPU
Optimizing NNI: done in 0.197631 secs using 196.8% CPU
Optimizing NNI: done in 0.346086 secs using 197.1% CPU
Iteration 90 / LogL: -1307.735 / Time: 0h:0m:52s (0h:0m:39s left)
Optimizing NNI: done in 0.309094 secs using 196% CPU
Optimizing NNI: done in 0.374448 secs using 194.2% CPU
Optimizing NNI: done in 0.273229 secs using 197.2% CPU
Optimizing NNI: done in 0.333406 secs using 195.9% CPU
Optimizing NNI: done in 0.38523 secs using 195.5% CPU
Optimizing NNI: done in 0.36126 secs using 196.7% CPU
Optimizing NNI: done in 0.337682 secs using 196.5% CPU
Optimizing NNI: done in 0.278159 secs using 197.1% CPU
Optimizing NNI: done in 0.253605 secs using 197.6% CPU
Optimizing NNI: done in 0.296683 secs using 196.4% CPU
Iteration 100 / LogL: -1310.463 / Time: 0h:0m:55s (0h:0m:32s left)
Log-likelihood cutoff on original alignment: -1334.688
NOTE: Bootstrap correlation coefficient of split occurrence frequencies: 0.982
NOTE: UFBoot does not converge, continue at least 100 more iterations
Optimizing NNI: done in 0.261604 secs using 197.1% CPU
Optimizing NNI: done in 0.385177 secs using 196.3% CPU
Optimizing NNI: done in 0.336739 secs using 196.2% CPU
Optimizing NNI: done in 0.237437 secs using 198.3% CPU
Optimizing NNI: done in 0.460068 secs using 195.1% CPU
Optimizing NNI: done in 0.392122 secs using 195.2% CPU
Optimizing NNI: done in 0.263493 secs using 196.8% CPU
Optimizing NNI: done in 0.313734 secs using 194% CPU
Optimizing NNI: done in 0.364026 secs using 194.9% CPU
Optimizing NNI: done in 0.251771 secs using 196.9% CPU
Iteration 110 / LogL: -1308.464 / Time: 0h:0m:59s (0h:0m:49s left)
Optimizing NNI: done in 0.248108 secs using 194.7% CPU
Optimizing NNI: done in 0.336874 secs using 195.8% CPU
Optimizing NNI: done in 0.288681 secs using 196% CPU
Optimizing NNI: done in 0.346138 secs using 196.6% CPU
Optimizing NNI: done in 0.297145 secs using 193.9% CPU
Optimizing NNI: done in 0.341688 secs using 196.8% CPU
Optimizing NNI: done in 0.438059 secs using 188.1% CPU
Optimizing NNI: done in 0.250361 secs using 195.4% CPU
Optimizing NNI: done in 0.277134 secs using 196.2% CPU
Optimizing NNI: done in 0.247627 secs using 196.7% CPU
Iteration 120 / LogL: -1306.001 / Time: 0h:1m:2s (0h:0m:42s left)
Optimizing NNI: done in 0.284921 secs using 196.5% CPU
Optimizing NNI: done in 0.254779 secs using 197.9% CPU
Optimizing NNI: done in 0.338978 secs using 196.6% CPU
Optimizing NNI: done in 0.237452 secs using 197.3% CPU
Optimizing NNI: done in 0.442193 secs using 195.3% CPU
Optimizing NNI: done in 0.271513 secs using 194.8% CPU
Optimizing NNI: done in 0.250217 secs using 195.6% CPU
Optimizing NNI: done in 0.285613 secs using 195.8% CPU
Optimizing NNI: done in 0.273901 secs using 197.9% CPU
Optimizing NNI: done in 0.319343 secs using 196.1% CPU
Iteration 130 / LogL: -1306.000 / Time: 0h:1m:5s (0h:0m:35s left)
Optimizing NNI: done in 0.336452 secs using 196.6% CPU
Optimizing NNI: done in 0.283016 secs using 196.3% CPU
Optimizing NNI: done in 0.389642 secs using 196.8% CPU
Optimizing NNI: done in 0.24358 secs using 197.1% CPU
Optimizing NNI: done in 0.397586 secs using 198.1% CPU
Optimizing NNI: done in 0.287801 secs using 196.7% CPU
Optimizing NNI: done in 0.324092 secs using 196.6% CPU
Optimizing NNI: done in 0.30869 secs using 196.1% CPU
Optimizing NNI: done in 0.265872 secs using 196.7% CPU
Optimizing NNI: done in 0.362928 secs using 195.2% CPU
Iteration 140 / LogL: -1309.979 / Time: 0h:1m:9s (0h:0m:29s left)
Optimizing NNI: done in 0.332975 secs using 198.3% CPU
Optimizing NNI: done in 0.276314 secs using 196.1% CPU
Optimizing NNI: done in 0.308282 secs using 195.6% CPU
Optimizing NNI: done in 0.429512 secs using 196.5% CPU
Optimizing NNI: done in 0.469019 secs using 196.3% CPU
Optimizing NNI: done in 0.360368 secs using 197.3% CPU
Optimizing NNI: done in 0.186718 secs using 198.6% CPU
Optimizing NNI: done in 0.291903 secs using 196.8% CPU
Optimizing NNI: done in 0.425281 secs using 196.8% CPU
Optimizing NNI: done in 0.267961 secs using 197.2% CPU
Iteration 150 / LogL: -1306.003 / Time: 0h:1m:13s (0h:0m:24s left)
Log-likelihood cutoff on original alignment: -1334.688
Optimizing NNI: done in 0.307544 secs using 196.8% CPU
Optimizing NNI: done in 0.345117 secs using 197.9% CPU
Optimizing NNI: done in 0.255727 secs using 196.9% CPU
Optimizing NNI: done in 0.289267 secs using 197.2% CPU
Optimizing NNI: done in 0.337168 secs using 196.9% CPU
Optimizing NNI: done in 0.249097 secs using 196.5% CPU
Optimizing NNI: done in 0.335192 secs using 197% CPU
Optimizing NNI: done in 0.384632 secs using 198% CPU
Optimizing NNI: done in 0.488369 secs using 196.6% CPU
Optimizing NNI: done in 0.448121 secs using 196.7% CPU
Iteration 160 / LogL: -1306.046 / Time: 0h:1m:17s (0h:0m:19s left)
Optimizing NNI: done in 0.449213 secs using 196.1% CPU
Optimizing NNI: done in 0.287826 secs using 194.4% CPU
Optimizing NNI: done in 0.23919 secs using 197.8% CPU
Optimizing NNI: done in 0.348536 secs using 195.1% CPU
Optimizing NNI: done in 0.288985 secs using 196.4% CPU
Optimizing NNI: done in 0.314434 secs using 195.6% CPU
Optimizing NNI: done in 0.341774 secs using 195.8% CPU
Optimizing NNI: done in 0.295857 secs using 196.1% CPU
Optimizing NNI: done in 0.226937 secs using 198.8% CPU
Optimizing NNI: done in 0.311129 secs using 195.4% CPU
Iteration 170 / LogL: -1306.001 / Time: 0h:1m:20s (0h:0m:14s left)
Optimizing NNI: done in 0.310065 secs using 196.2% CPU
Optimizing NNI: done in 0.29528 secs using 196.1% CPU
Optimizing NNI: done in 0.380356 secs using 195.9% CPU
Optimizing NNI: done in 0.327379 secs using 194.7% CPU
Optimizing NNI: done in 0.236706 secs using 197.7% CPU
Optimizing NNI: done in 0.313196 secs using 196.6% CPU
Optimizing NNI: done in 0.320985 secs using 195.7% CPU
Optimizing NNI: done in 0.362163 secs using 194.6% CPU
Optimizing NNI: done in 0.227734 secs using 193.4% CPU
Optimizing NNI: done in 0.29658 secs using 194.1% CPU
Iteration 180 / LogL: -1306.001 / Time: 0h:1m:24s (0h:0m:9s left)
Optimizing NNI: done in 0.377701 secs using 196.9% CPU
Optimizing NNI: done in 0.39671 secs using 196.4% CPU
Optimizing NNI: done in 0.268224 secs using 196.6% CPU
Optimizing NNI: done in 0.277832 secs using 196.7% CPU
Optimizing NNI: done in 0.398654 secs using 196.5% CPU
Optimizing NNI: done in 0.405052 secs using 196.7% CPU
Optimizing NNI: done in 0.380569 secs using 197.8% CPU
Optimizing NNI: done in 0.331677 secs using 196.7% CPU
Optimizing NNI: done in 0.388044 secs using 196.8% CPU
Optimizing NNI: done in 0.267005 secs using 195% CPU
Iteration 190 / LogL: -1312.659 / Time: 0h:1m:28s (0h:0m:4s left)
Optimizing NNI: done in 0.361705 secs using 196.6% CPU
Optimizing NNI: done in 0.349701 secs using 196.4% CPU
Optimizing NNI: done in 0.31423 secs using 196% CPU
Optimizing NNI: done in 0.443243 secs using 196.5% CPU
Optimizing NNI: done in 0.506748 secs using 196.1% CPU
Optimizing NNI: done in 0.296291 secs using 197% CPU
Optimizing NNI: done in 0.32057 secs using 194.9% CPU
Optimizing NNI: done in 0.288187 secs using 197.7% CPU
Optimizing NNI: done in 0.304579 secs using 196.8% CPU
Optimizing NNI: done in 0.296822 secs using 196.1% CPU
Iteration 200 / LogL: -1306.048 / Time: 0h:1m:31s (0h:0m:0s left)
Log-likelihood cutoff on original alignment: -1334.688
NOTE: Bootstrap correlation coefficient of split occurrence frequencies: 0.994
TREE SEARCH COMPLETED AFTER 200 ITERATIONS / Time: 0h:1m:32s

--------------------------------------------------------------------
|                    FINALIZING TREE SEARCH                        |
--------------------------------------------------------------------
Performs final model parameters optimization
Estimate model parameters (epsilon = 0.010)
1. Initial log-likelihood: -1305.998
2. Current log-likelihood: -1305.984
3. Current log-likelihood: -1305.973
4. Current log-likelihood: -1305.955
5. Current log-likelihood: -1305.944
6. Current log-likelihood: -1305.930
7. Current log-likelihood: -1305.919
8. Current log-likelihood: -1305.907
9. Current log-likelihood: -1305.897
10. Current log-likelihood: -1305.882
11. Current log-likelihood: -1305.870
12. Current log-likelihood: -1305.858
13. Current log-likelihood: -1305.848
14. Current log-likelihood: -1305.836
Optimal log-likelihood: -1305.827
Rate parameters:  A-C: 3.09967  A-G: 14.11479  A-T: 2.59548  C-G: 0.00010  C-T: 13.14849  G-T: 1.00000
Base frequencies:  A: 0.249  C: 0.263  G: 0.230  T: 0.258
Proportion of invariable sites: 0.575
Site proportion and rates:  (0.127,0.273) (0.105,0.326) (0.107,2.981) (0.086,7.147)
Parameters optimization took 14 rounds (1.092 sec)
BEST SCORE FOUND : -1305.827

Testing tree branches by SH-like aLRT with 1000 replicates...
0.449 sec.
Creating bootstrap support values...
Split supports printed to NEXUS file result_dendro_SIAH1.fasta.splits.nex
Total tree length: 0.316

Total number of iterations: 200
CPU time used for tree search: 136.083 sec (0h:2m:16s)
Wall-clock time used for tree search: 69.928 sec (0h:1m:9s)
Total CPU time used: 183.919 sec (0h:3m:3s)
Total wall-clock time used: 94.317 sec (0h:1m:34s)

Computing bootstrap consensus tree...
Reading input file result_dendro_SIAH1.fasta.splits.nex...
87 taxa and 1292 splits.
Consensus tree written to result_dendro_SIAH1.fasta.contree
Reading input trees file result_dendro_SIAH1.fasta.contree
Log-likelihood of consensus tree: -1305.898

Analysis results written to: 
  IQ-TREE report:                result_dendro_SIAH1.fasta.iqtree
  Maximum-likelihood tree:       result_dendro_SIAH1.fasta.treefile
  Likelihood distances:          result_dendro_SIAH1.fasta.mldist

Ultrafast bootstrap approximation results written to:
  Split support values:          result_dendro_SIAH1.fasta.splits.nex
  Consensus tree:                result_dendro_SIAH1.fasta.contree
  Screen log file:               result_dendro_SIAH1.fasta.log

--- Start phylogenetic dating ---
Building time tree by least-square dating (LSD) with command:
lsd -i result_dendro_SIAH1.fasta.timetree.subst -s 397 -o result_dendro_SIAH1.fasta.timetree -f 100 -g result_dendro_SIAH1.fasta.timetree.outgroup -a -37.8 -z 0 
Reroot the tree(s) using given outgroups ...

TREE 1
*PROCESSING:
Reading the tree ... 
Collapse 46 (over 89) internal branches having branch length <= 0.00126
 (settable via option -l)
Parameter to adjust variances was set to 0.0252 (settable via option -b)
Minimum branch length of time scaled tree (settable via option -u and -U): 0
Estimating the root position on the branch defined by given outgroups ...
Computing confidence intervals using sequence length 397 and a lognormal
 relaxed clock with mean 1, standard deviation 0.2 (settable via option -q)

*WARNINGS:
- 51.6854% internal branches were collapsed.

*RESULTS:
- Dating results:
 rate 0.000558781, tMRCA -37.8 , objective function 0.0173737
- Results with confidence intervals:
 rate 0.000558781 [0.000338865; 0.000843649], tMRCA -37.8 [-37.8; -37.8], objective function 0.0173737

TOTAL ELAPSED TIME: 0.0716 seconds
LSD results written to:
  LSD report:                  result_dendro_SIAH1.fasta.timetree.lsd
  Time tree in nexus format:   result_dendro_SIAH1.fasta.timetree.nex
  Time tree in newick format:  result_dendro_SIAH1.fasta.timetree.nwk

--- End phylogenetic dating ---
Date and Time: Thu Jun 27 13:52:14 2024
